Bot is running..
[REJECTED] G41: ttKinetic 1 - 0 nOm.MoOnrai
[ACCEPTED] G7: InHale 1-0 Archiphres
[ACCEPTED] G27: ocelotter 1-0 nOm.viletomato
[ACCEPTED] G42: JiffyMix 1-0 Exit
Bot exited gracefully.
Bot is running..
[REJECTED] G36: SesioM 1 - 0 Melody
Bot exited gracefully.
Bot is running..
[ACCEPTED] G7: InHale 1-0 Axis
[ACCEPTED] G4: JtotheT 1-0 Phenix
[ACCEPTED] G41: Shroomofdoom 1-0 prOxi'ttkinetic
[ACCEPTED] G35: Nagnar 1-0 Flizzardo
[ACCEPTED] G43: yenta 1-0 Primal
[REJECTED] G44: Sony wo George
[REJECTED] G13: mG[Qu3eN]1-0 Primal
[ACCEPTED] G17: Rhommulus 1-0 Benno
[ACCEPTED] G14: Manadog 1-0 nom.esk4l4de
[REJECTED] G16: Lanaishot 1 (w/o) 0 Surf
[REJECTED] G16: Lanaishot 1 (w/o) 0 Surf
[REJECTED] G16: Lanaishot (w/o) Surf
[ACCEPTED] G1: franc 1-0 DeadDumble
[REJECTED] G21: Cenderze 1 - 0 Aszriel
[ACCEPTED] G21: Cenderze 1-0 Aszriel
[ACCEPTED] G21: Cenderze 1-0 blobfish
[REJECTED] g99: Spec 0:0 isbad draw
[ACCEPTED] G42: Doodle 1-0 Kik0
[ACCEPTED] G21: Aszriel 1-0 blobfish
[ACCEPTED] G42: Doodle 1-0 JiffyMix
[REJECTED] G34: FLoW 0-0 Azhi Dahaki (DRAW: He Forfeit, according to <@!93204976779694080> , forfeiting is a draw not WO)
[REJECTED] G42: Exit 1:0 Kik0
[ACCEPTED] G42: Exit 1-0 Kik0
[REJECTED] G34: FLoW 0-0 Azhi Dahaki
[ACCEPTED] G34: FLoW 0-0 AzhiDahaki
[REJECTED] G12: Jay Bulworth 1 - 0 mawthu
[REJECTED] G12: Jay Bulworth 1-0 mawthu
[ACCEPTED] G12: JayBulworth 1-0 mawthu
[ACCEPTED] G13: mG[Qu3eN] 1-0 Finalsky
[ACCEPTED] G25: JoSh 1-0 EskiyaPRIME
[REJECTED] G15: Effay (w/o) Alisa
[ACCEPTED] G15: Effay 0-0 Alisa
[ACCEPTED] G23: Havior 1-0 Sva3
[ACCEPTED] G33: WugsaW 1-0 balance
[ACCEPTED] G25: Ami`Ashen 1-0 JoSh
[ACCEPTED] G23: YoitsFlash 1-0 Vermin
[ACCEPTED] G23: YoitsFlash 1-0 Havior
[ACCEPTED] G27: polarice 1-0 ocelotter
[ACCEPTED] G23: Havior 1-0 Vermin
[ACCEPTED] G36: Kraazy 1-0 SOStoss
[ACCEPTED] G23: Vermin 1-0 HellaBacon
[ACCEPTED] G35: Flizzardo 1-0 Bojack
[ACCEPTED] G24: Lizardkingly 1-0 Tadde
[REJECTED] G13: Character 1-0 Queen <:terran:438732375422271500> v<:terran:438732375422271500>
[ACCEPTED] G13: Character 1-0 Queen
[ACCEPTED] G12: Suricatta 1-0 TinyTim
[ACCEPTED] G34: Spec 1-0 CoZ
[ACCEPTED] G14: NiteKat 1-0 Scimo__
[ACCEPTED] G16: NiteKat 1-0 Scimo__
[ACCEPTED] G42: pand0r 1-0 exit
[ACCEPTED] G12: 10T 1-0 Suricatta
[ACCEPTED] G13: mG[Qu3eN] 1-0 elevati0n
[ACCEPTED] G18: Deathstar 1-0 bagelpirate
[ACCEPTED] G13: Character 1-0 elevati0n
[REJECTED] G23: Sva3 1-0 - Yoitsflash
[ACCEPTED] G23: Sva3 1-0 Yoitsflash
[ACCEPTED] G23: Vermin 1-0 Sva3
[ACCEPTED] G23: Sva3 1-0 Hellabacon
[ACCEPTED] G3: SHimmer[Rev] 0-0 Ninjax
[ACCEPTED] G41: ttKinetic 1-0 Neblime
[REJECTED] G35: Flizzardo 1-0 Caffeine_free (no response)
[REJECTED] G35: Flizzardo 1(w/o)0 Caffeine_free
[ACCEPTED] G35: Flizzardo 0-0 Caffeine_free
[REJECTED] G3: SHimmer[ReV] 0-0 Revocdeb (Revocdeb withdrawing from CPL)
[REJECTED] G3: SHimmer[ReV] 0-0 Revocdeb (Revocdeb withdrawing)
[ACCEPTED] G3: SHimmer[ReV] 0-0 Revocdeb
[ACCEPTED] G1: Flipendo 1-0 franc
